2020-10-10 02:31:16.460  INFO 11912 --- [main] makaza.MakazaApplication                 : Starting MakazaApplication on DESKTOP-E00FNS8 with PID 11912 (C:\Users\Minh\Documents\workspace-spring-tool-suite-4-4.8.0.RELEASE\Makaza\target\classes started by Minh in C:\Users\Minh\Documents\workspace-spring-tool-suite-4-4.8.0.RELEASE\Makaza)
2020-10-10 02:31:16.495  INFO 11912 --- [main] makaza.MakazaApplication                 : No active profile set, falling back to default profiles: default
2020-10-10 02:31:19.858  INFO 11912 --- [main] trationDelegate$BeanPostProcessorChecker : Bean 'org.springframework.hateoas.config.HateoasConfiguration' of type [org.springframework.hateoas.config.HateoasConfiguration$$EnhancerBySpringCGLIB$$c2dfd5d5] is not eligible for getting processed by all BeanPostProcessors (for example: not eligible for auto-proxying)
2020-10-10 02:31:19.910  INFO 11912 --- [main] trationDelegate$BeanPostProcessorChecker : Bean 'org.springframework.transaction.annotation.ProxyTransactionManagementConfiguration' of type [org.springframework.transaction.annotation.ProxyTransactionManagementConfiguration$$EnhancerBySpringCGLIB$$435f88a3] is not eligible for getting processed by all BeanPostProcessors (for example: not eligible for auto-proxying)
2020-10-10 02:31:21.349  INFO 11912 --- [main] o.s.b.w.embedded.tomcat.TomcatWebServer  : Tomcat initialized with port(s): 8080 (http)
2020-10-10 02:31:21.453  INFO 11912 --- [main] o.apache.catalina.core.StandardService   : Starting service [Tomcat]
2020-10-10 02:31:21.454  INFO 11912 --- [main] org.apache.catalina.core.StandardEngine  : Starting Servlet engine: [Apache Tomcat/9.0.16]
2020-10-10 02:31:21.476  INFO 11912 --- [main] o.a.catalina.core.AprLifecycleListener   : The APR based Apache Tomcat Native library which allows optimal performance in production environments was not found on the java.library.path: [C:\Program Files\Java\jdk-11.0.8\bin;C:\WINDOWS\Sun\Java\bin;C:\WINDOWS\system32;C:\WINDOWS;C:\Users\Minh\bin;C:\Program Files\Git\mingw64\bin;C:\Program Files\Git\usr\local\bin;C:\Program Files\Git\usr\bin;C:\Program Files\Git\usr\bin;C:\Program Files\Git\mingw64\bin;C:\Program Files\Git\usr\bin;C:\Users\Minh\bin;C:\WINDOWS\system32;C:\WINDOWS;C:\WINDOWS\System32\Wbem;C:\WINDOWS\System32\WindowsPowerShell\v1.0;C:\WINDOWS\System32\OpenSSH;C:\Program Files\Git\cmd;C:\Program Files\TortoiseGit\bin;C:\Program Files\Java\jdk-11.0.8\bin;C:\Program Files\MySQL\MySQL Shell 8.0\bin;C:\Users\Minh\AppData\Local\Programs\Microsoft VS Code\bin;C:\Program Files\Git\usr\bin\vendor_perl;C:\Program Files\Git\usr\bin\core_perl;.]
2020-10-10 02:31:21.742  INFO 11912 --- [main] o.a.c.c.C.[Tomcat].[localhost].[/]       : Initializing Spring embedded WebApplicationContext
2020-10-10 02:31:21.743 DEBUG 11912 --- [main] o.s.web.context.ContextLoader            : Published root WebApplicationContext as ServletContext attribute with name [org.springframework.web.context.WebApplicationContext.ROOT]
2020-10-10 02:31:21.743  INFO 11912 --- [main] o.s.web.context.ContextLoader            : Root WebApplicationContext: initialization completed in 5063 ms
2020-10-10 02:31:22.155 DEBUG 11912 --- [main] o.springframework.web.filter.CorsFilter  : Filter 'corsFilter' configured for use
2020-10-10 02:31:22.157 DEBUG 11912 --- [main] o.s.w.f.CommonsRequestLoggingFilter      : Filter 'logFilter' configured for use
2020-10-10 02:31:25.952  INFO 11912 --- [main] o.s.s.web.DefaultSecurityFilterChain     : Creating filter chain: any request, [org.springframework.security.web.context.request.async.WebAsyncManagerIntegrationFilter@63444684, org.springframework.security.web.context.SecurityContextPersistenceFilter@19204c46, org.springframework.security.web.header.HeaderWriterFilter@479366c6, org.springframework.security.web.authentication.logout.LogoutFilter@7e3e017, org.springframework.security.web.authentication.www.BasicAuthenticationFilter@396d243e, org.springframework.security.web.savedrequest.RequestCacheAwareFilter@5803a6ce, org.springframework.security.web.servletapi.SecurityContextHolderAwareRequestFilter@7f0eb7f6, org.springframework.security.web.authentication.AnonymousAuthenticationFilter@5bcb5d58, org.springframework.security.web.session.SessionManagementFilter@7e62cad4, org.springframework.security.web.access.ExceptionTranslationFilter@5efba6df, org.springframework.security.web.access.intercept.FilterSecurityInterceptor@6f15b348]
2020-10-10 02:31:26.167 DEBUG 11912 --- [main] o.s.w.s.handler.SimpleUrlHandlerMapping  : Patterns [/**/favicon.ico] in 'faviconHandlerMapping'
2020-10-10 02:31:26.542  INFO 11912 --- [main] o.s.s.concurrent.ThreadPoolTaskExecutor  : Initializing ExecutorService 'applicationTaskExecutor'
2020-10-10 02:31:26.642 DEBUG 11912 --- [main] s.w.s.m.m.a.RequestMappingHandlerAdapter : ControllerAdvice beans: 0 @ModelAttribute, 0 @InitBinder, 1 RequestBodyAdvice, 1 ResponseBodyAdvice
2020-10-10 02:31:26.838 DEBUG 11912 --- [main] s.w.s.m.m.a.RequestMappingHandlerMapping : 12 mappings in 'requestMappingHandlerMapping'
2020-10-10 02:31:26.911 DEBUG 11912 --- [main] o.s.w.s.handler.SimpleUrlHandlerMapping  : Patterns [/webjars/**, /**] in 'resourceHandlerMapping'
2020-10-10 02:31:26.952 DEBUG 11912 --- [main] .m.m.a.ExceptionHandlerExceptionResolver : ControllerAdvice beans: 1 @ExceptionHandler, 1 ResponseBodyAdvice
2020-10-10 02:31:28.244  INFO 11912 --- [main] o.s.b.w.embedded.tomcat.TomcatWebServer  : Tomcat started on port(s): 8080 (http) with context path ''
2020-10-10 02:31:28.257  INFO 11912 --- [main] makaza.MakazaApplication                 : Started MakazaApplication in 13.128 seconds (JVM running for 71.439)
2020-10-10 02:31:37.410  INFO 11912 --- [http-nio-8080-exec-1] o.a.c.c.C.[Tomcat].[localhost].[/]       : Initializing Spring DispatcherServlet 'dispatcherServlet'
2020-10-10 02:31:37.411  INFO 11912 --- [http-nio-8080-exec-1] o.s.web.servlet.DispatcherServlet        : Initializing Servlet 'dispatcherServlet'
2020-10-10 02:31:37.412 DEBUG 11912 --- [http-nio-8080-exec-1] o.s.web.servlet.DispatcherServlet        : Detected StandardServletMultipartResolver
2020-10-10 02:31:37.473 DEBUG 11912 --- [http-nio-8080-exec-1] o.s.web.servlet.DispatcherServlet        : enableLoggingRequestDetails='false': request parameters and headers will be masked to prevent unsafe logging of potentially sensitive data
2020-10-10 02:31:37.474  INFO 11912 --- [http-nio-8080-exec-1] o.s.web.servlet.DispatcherServlet        : Completed initialization in 62 ms
2020-10-10 02:31:37.842  INFO 11912 --- [http-nio-8080-exec-1] com.zaxxer.hikari.HikariDataSource       : HikariPool-1 - Starting...
2020-10-10 02:31:38.204  INFO 11912 --- [http-nio-8080-exec-1] com.zaxxer.hikari.HikariDataSource       : HikariPool-1 - Start completed.
2020-10-10 02:31:38.824  WARN 11912 --- [http-nio-8080-exec-1] o.a.c.util.SessionIdGeneratorBase        : Creation of SecureRandom instance for session ID generation using [SHA1PRNG] took [316] milliseconds.
2020-10-10 02:31:57.333 DEBUG 11912 --- [http-nio-8080-exec-3] o.s.w.f.CommonsRequestLoggingFilter      : Before request [uri=/api/users]
2020-10-10 02:31:57.336 DEBUG 11912 --- [http-nio-8080-exec-3] o.s.web.servlet.DispatcherServlet        : GET "/api/users", parameters={}
2020-10-10 02:31:57.341 DEBUG 11912 --- [http-nio-8080-exec-3] s.w.s.m.m.a.RequestMappingHandlerMapping : Mapped to public org.springframework.http.ResponseEntity<java.util.List<makaza.model.UserDetail>> makaza.controller.UserDetailController.findAllUsers()
2020-10-10 02:31:57.434 DEBUG 11912 --- [http-nio-8080-exec-3] o.s.w.s.m.m.a.HttpEntityMethodProcessor  : Using 'application/json', given [*/*] and supported [application/json, application/*+json, application/json, application/*+json]
2020-10-10 02:31:57.435 DEBUG 11912 --- [http-nio-8080-exec-3] o.s.w.s.m.m.a.HttpEntityMethodProcessor  : Writing [[makaza.model.UserDetail@68b08c58, makaza.model.UserDetail@199537c2]]
2020-10-10 02:31:57.576 DEBUG 11912 --- [http-nio-8080-exec-3] o.s.web.servlet.DispatcherServlet        : Completed 200 OK
2020-10-10 02:31:57.579 DEBUG 11912 --- [http-nio-8080-exec-3] o.s.w.f.CommonsRequestLoggingFilter      : REQUEST DATA : uri=/api/users]
2020-10-10 02:32:42.955 DEBUG 11912 --- [http-nio-8080-exec-4] o.s.w.f.CommonsRequestLoggingFilter      : Before request [uri=/api/users]
2020-10-10 02:32:42.957 DEBUG 11912 --- [http-nio-8080-exec-4] o.s.web.servlet.DispatcherServlet        : GET "/api/users", parameters={}
2020-10-10 02:32:42.968 DEBUG 11912 --- [http-nio-8080-exec-4] s.w.s.m.m.a.RequestMappingHandlerMapping : Mapped to public org.springframework.http.ResponseEntity<java.util.List<makaza.model.UserDetail>> makaza.controller.UserDetailController.findAllUsers()
2020-10-10 02:32:42.986 DEBUG 11912 --- [http-nio-8080-exec-4] o.s.w.s.m.m.a.HttpEntityMethodProcessor  : Using 'application/json', given [*/*] and supported [application/json, application/*+json, application/json, application/*+json]
2020-10-10 02:32:42.996 DEBUG 11912 --- [http-nio-8080-exec-4] o.s.w.s.m.m.a.HttpEntityMethodProcessor  : Writing [[makaza.model.UserDetail@2213997e, makaza.model.UserDetail@262c19e4]]
2020-10-10 02:32:43.008 DEBUG 11912 --- [http-nio-8080-exec-4] o.s.web.servlet.DispatcherServlet        : Completed 200 OK
2020-10-10 02:32:43.014 DEBUG 11912 --- [http-nio-8080-exec-4] o.s.w.f.CommonsRequestLoggingFilter      : REQUEST DATA : uri=/api/users]
2020-10-10 02:32:44.516 DEBUG 11912 --- [http-nio-8080-exec-5] o.s.w.f.CommonsRequestLoggingFilter      : Before request [uri=/api/users]
2020-10-10 02:32:44.524 DEBUG 11912 --- [http-nio-8080-exec-5] o.s.web.servlet.DispatcherServlet        : GET "/api/users", parameters={}
2020-10-10 02:32:44.532 DEBUG 11912 --- [http-nio-8080-exec-5] s.w.s.m.m.a.RequestMappingHandlerMapping : Mapped to public org.springframework.http.ResponseEntity<java.util.List<makaza.model.UserDetail>> makaza.controller.UserDetailController.findAllUsers()
2020-10-10 02:32:44.558 DEBUG 11912 --- [http-nio-8080-exec-5] o.s.w.s.m.m.a.HttpEntityMethodProcessor  : Using 'application/json', given [*/*] and supported [application/json, application/*+json, application/json, application/*+json]
2020-10-10 02:32:44.581 DEBUG 11912 --- [http-nio-8080-exec-5] o.s.w.s.m.m.a.HttpEntityMethodProcessor  : Writing [[makaza.model.UserDetail@2b939429, makaza.model.UserDetail@2fac1583]]
2020-10-10 02:32:44.591 DEBUG 11912 --- [http-nio-8080-exec-5] o.s.web.servlet.DispatcherServlet        : Completed 200 OK
2020-10-10 02:32:44.595 DEBUG 11912 --- [http-nio-8080-exec-5] o.s.w.f.CommonsRequestLoggingFilter      : REQUEST DATA : uri=/api/users]
2020-10-10 02:36:35.227 DEBUG 11912 --- [http-nio-8080-exec-8] o.s.w.f.CommonsRequestLoggingFilter      : Before request [uri=/api/users]
2020-10-10 02:36:35.234 DEBUG 11912 --- [http-nio-8080-exec-8] o.s.web.servlet.DispatcherServlet        : GET "/api/users", parameters={}
2020-10-10 02:36:35.242 DEBUG 11912 --- [http-nio-8080-exec-8] s.w.s.m.m.a.RequestMappingHandlerMapping : Mapped to public org.springframework.http.ResponseEntity<java.util.List<makaza.model.UserDetail>> makaza.controller.UserDetailController.findAllUsers()
2020-10-10 02:36:35.262 DEBUG 11912 --- [http-nio-8080-exec-8] o.s.w.s.m.m.a.HttpEntityMethodProcessor  : Using 'application/json', given [*/*] and supported [application/json, application/*+json, application/json, application/*+json]
2020-10-10 02:36:35.270 DEBUG 11912 --- [http-nio-8080-exec-8] o.s.w.s.m.m.a.HttpEntityMethodProcessor  : Writing [[makaza.model.UserDetail@7e2c0e7c, makaza.model.UserDetail@7a139561]]
2020-10-10 02:36:35.280 DEBUG 11912 --- [http-nio-8080-exec-8] o.s.web.servlet.DispatcherServlet        : Completed 200 OK
2020-10-10 02:36:35.286 DEBUG 11912 --- [http-nio-8080-exec-8] o.s.w.f.CommonsRequestLoggingFilter      : REQUEST DATA : uri=/api/users]
